Build started 04-Aug-15 15:48:47.
     1>Project "D:\OneDrive\Fakultet\diplomski\development\testiranje_cli\libsndfile_test_vs\test_OLA_CUDA\test_OLA_CUDA.vcxproj" on node 2 (Build target(s)).
     1>AddCudaCompileDeps:
         C:\Program Files (x86)\Microsoft Visual Studio 12.0\VC\bin\cl.exe /E /nologo /showIncludes /TP /D__CUDACC__ /DWIN32 /D_DEBUG /D_CONSOLE /D_MBCS /I"C:\ProgramData\NVIDIA Corporation\CUDA Samples\v7.0\common\inc" /I"C:\ProgramData\NVIDIA Corporation\CUDA Samples\v7.0\common\inc" /I"C:\Program Files\NVIDIA GPU Computing Toolkit\CUDA\v7.0\include" /I"C:\Program Files\NVIDIA GPU Computing Toolkit\CUDA\v7.0\include" /I"C:\Program Files\NVIDIA GPU Computing Toolkit\CUDA\v7.0\include" /IC:\AdditionalLibraries\include /I"C:\Program Files\NVIDIA GPU Computing Toolkit\CUDA\v7.0\bin" /I"C:\Program Files\NVIDIA GPU Computing Toolkit\CUDA\v7.0\include" /I. /FIcuda_runtime.h /c D:\OneDrive\Fakultet\diplomski\development\testiranje_cli\libsndfile_test_vs\test_OLA_CUDA\kernel.cu 
       CudaBuild:
         Compiling CUDA source file kernel.cu...
         cmd.exe /C "C:\Users\Dusan\AppData\Local\Temp\tmpf6c23894fd09493a9cdee57da4f4c483.cmd"
         "C:\Program Files\NVIDIA GPU Computing Toolkit\CUDA\v7.0\bin\nvcc.exe" -gencode=arch=compute_20,code=\"sm_20,compute_20\" --use-local-env --cl-version 2013 -ccbin "C:\Program Files (x86)\Microsoft Visual Studio 12.0\VC\bin"  -I"C:\ProgramData\NVIDIA Corporation\CUDA Samples\v7.0\common\inc" -I"C:\ProgramData\NVIDIA Corporation\CUDA Samples\v7.0\common\inc" -I"C:\Program Files\NVIDIA GPU Computing Toolkit\CUDA\v7.0\include" -I"C:\Program Files\NVIDIA GPU Computing Toolkit\CUDA\v7.0\include" -I"C:\Program Files\NVIDIA GPU Computing Toolkit\CUDA\v7.0\include" -IC:\AdditionalLibraries\include -I"C:\Program Files\NVIDIA GPU Computing Toolkit\CUDA\v7.0\include"  -G   --keep-dir Debug -maxrregcount=0  --machine 32 --compile -cudart static  -g   -DWIN32 -D_DEBUG -D_CONSOLE -D_MBCS -Xcompiler "/EHsc /W3 /nologo /Od /Zi /RTC1 /MDd  " -o Debug\kernel.cu.obj "D:\OneDrive\Fakultet\diplomski\development\testiranje_cli\libsndfile_test_vs\test_OLA_CUDA\kernel.cu"
         
         D:\OneDrive\Fakultet\diplomski\development\testiranje_cli\libsndfile_test_vs\test_OLA_CUDA>"C:\Program Files\NVIDIA GPU Computing Toolkit\CUDA\v7.0\bin\nvcc.exe" -gencode=arch=compute_20,code=\"sm_20,compute_20\" --use-local-env --cl-version 2013 -ccbin "C:\Program Files (x86)\Microsoft Visual Studio 12.0\VC\bin"  -I"C:\ProgramData\NVIDIA Corporation\CUDA Samples\v7.0\common\inc" -I"C:\ProgramData\NVIDIA Corporation\CUDA Samples\v7.0\common\inc" -I"C:\Program Files\NVIDIA GPU Computing Toolkit\CUDA\v7.0\include" -I"C:\Program Files\NVIDIA GPU Computing Toolkit\CUDA\v7.0\include" -I"C:\Program Files\NVIDIA GPU Computing Toolkit\CUDA\v7.0\include" -IC:\AdditionalLibraries\include -I"C:\Program Files\NVIDIA GPU Computing Toolkit\CUDA\v7.0\include"  -G   --keep-dir Debug -maxrregcount=0  --machine 32 --compile -cudart static  -g   -DWIN32 -D_DEBUG -D_CONSOLE -D_MBCS -Xcompiler "/EHsc /W3 /nologo /Od /Zi /RTC1 /MDd  " -o Debug\kernel.cu.obj "D:\OneDrive\Fakultet\diplomski\development\testiranje_cli\libsndfile_test_vs\test_OLA_CUDA\kernel.cu" 
     1>D:/OneDrive/Fakultet/diplomski/development/testiranje_cli/libsndfile_test_vs/test_OLA_CUDA/kernel.cu(24): error : identifier "SIGNAL_SIZE" is undefined
     1>D:/OneDrive/Fakultet/diplomski/development/testiranje_cli/libsndfile_test_vs/test_OLA_CUDA/kernel.cu(34): error : identifier "FILTER_KERNEL_SIZE" is undefined
     1>D:/OneDrive/Fakultet/diplomski/development/testiranje_cli/libsndfile_test_vs/test_OLA_CUDA/kernel.cu(94): error : identifier "Convolve" is undefined
     1>D:/OneDrive/Fakultet/diplomski/development/testiranje_cli/libsndfile_test_vs/test_OLA_CUDA/kernel.cu(152): warning : function "ComplexAdd" was declared but never referenced
         kernel.cu
     1>C:\Program Files (x86)\MSBuild\Microsoft.Cpp\v4.0\V120\BuildCustomizations\CUDA 7.0.targets(593,9): error MSB3721: The command ""C:\Program Files\NVIDIA GPU Computing Toolkit\CUDA\v7.0\bin\nvcc.exe" -gencode=arch=compute_20,code=\"sm_20,compute_20\" --use-local-env --cl-version 2013 -ccbin "C:\Program Files (x86)\Microsoft Visual Studio 12.0\VC\bin"  -I"C:\ProgramData\NVIDIA Corporation\CUDA Samples\v7.0\common\inc" -I"C:\ProgramData\NVIDIA Corporation\CUDA Samples\v7.0\common\inc" -I"C:\Program Files\NVIDIA GPU Computing Toolkit\CUDA\v7.0\include" -I"C:\Program Files\NVIDIA GPU Computing Toolkit\CUDA\v7.0\include" -I"C:\Program Files\NVIDIA GPU Computing Toolkit\CUDA\v7.0\include" -IC:\AdditionalLibraries\include -I"C:\Program Files\NVIDIA GPU Computing Toolkit\CUDA\v7.0\include"  -G   --keep-dir Debug -maxrregcount=0  --machine 32 --compile -cudart static  -g   -DWIN32 -D_DEBUG -D_CONSOLE -D_MBCS -Xcompiler "/EHsc /W3 /nologo /Od /Zi /RTC1 /MDd  " -o Debug\kernel.cu.obj "D:\OneDrive\Fakultet\diplomski\development\testiranje_cli\libsndfile_test_vs\test_OLA_CUDA\kernel.cu"" exited with code 2.
     1>Done Building Project "D:\OneDrive\Fakultet\diplomski\development\testiranje_cli\libsndfile_test_vs\test_OLA_CUDA\test_OLA_CUDA.vcxproj" (Build target(s)) -- FAILED.

Build FAILED.

Time Elapsed 00:00:06.36
