Build started 05-Aug-15 13:08:06.
     1>Project "D:\Documents\GitHub\Diplomski\libsndfile_test_vs\test_cufft\test_cufft.vcxproj" on node 2 (Rebuild target(s)).
     1>CudaClean:
         cmd.exe /C "C:\Users\Dusan\AppData\Local\Temp\tmp9061ba0b656f4eb6b42dcd0182d3b7db.cmd"
         "C:\Program Files\NVIDIA GPU Computing Toolkit\CUDA\v7.0\bin\nvcc.exe" -ccbin "C:\Program Files (x86)\Microsoft Visual Studio 12.0\VC\bin"  -IC:\AdditionalLibraries\include -I"C:\Program Files\NVIDIA GPU Computing Toolkit\CUDA\v7.0\include" -I"C:\Program Files\NVIDIA GPU Computing Toolkit\CUDA\v7.0\include"  -G   --keep-dir Debug -maxrregcount=0  --machine 32 --compile   -g   -DWIN32 -D_DEBUG -D_CONSOLE -D_MBCS -Xcompiler "/EHsc /W3 /nologo /Od /Zi /RTC1 /MDd  " -o Debug\kernel.cu.obj "D:\Documents\GitHub\Diplomski\libsndfile_test_vs\test_cufft\kernel.cu" -clean
         
         D:\Documents\GitHub\Diplomski\libsndfile_test_vs\test_cufft>"C:\Program Files\NVIDIA GPU Computing Toolkit\CUDA\v7.0\bin\nvcc.exe" -ccbin "C:\Program Files (x86)\Microsoft Visual Studio 12.0\VC\bin"  -IC:\AdditionalLibraries\include -I"C:\Program Files\NVIDIA GPU Computing Toolkit\CUDA\v7.0\include" -I"C:\Program Files\NVIDIA GPU Computing Toolkit\CUDA\v7.0\include"  -G   --keep-dir Debug -maxrregcount=0  --machine 32 --compile   -g   -DWIN32 -D_DEBUG -D_CONSOLE -D_MBCS -Xcompiler "/EHsc /W3 /nologo /Od /Zi /RTC1 /MDd  " -o Debug\kernel.cu.obj "D:\Documents\GitHub\Diplomski\libsndfile_test_vs\test_cufft\kernel.cu" -clean 
         kernel.cu
       AddCudaCompileDeps:
         C:\Program Files (x86)\Microsoft Visual Studio 12.0\VC\bin\cl.exe /E /nologo /showIncludes /TP /D__CUDACC__ /DWIN32 /D_DEBUG /D_CONSOLE /D_MBCS /IC:\AdditionalLibraries\include /I"C:\Program Files\NVIDIA GPU Computing Toolkit\CUDA\v7.0\include" /I"C:\Program Files\NVIDIA GPU Computing Toolkit\CUDA\v7.0\bin" /I"C:\Program Files\NVIDIA GPU Computing Toolkit\CUDA\v7.0\include" /I. /FIcuda_runtime.h /c D:\Documents\GitHub\Diplomski\libsndfile_test_vs\test_cufft\kernel.cu 
       CudaBuild:
         Compiling CUDA source file kernel.cu...
         cmd.exe /C "C:\Users\Dusan\AppData\Local\Temp\tmp331db1022ff54ff8803d2be881d0b0d2.cmd"
         "C:\Program Files\NVIDIA GPU Computing Toolkit\CUDA\v7.0\bin\nvcc.exe" -gencode=arch=compute_20,code=\"sm_20,compute_20\" --use-local-env --cl-version 2013 -ccbin "C:\Program Files (x86)\Microsoft Visual Studio 12.0\VC\bin"  -IC:\AdditionalLibraries\include -I"C:\Program Files\NVIDIA GPU Computing Toolkit\CUDA\v7.0\include" -I"C:\Program Files\NVIDIA GPU Computing Toolkit\CUDA\v7.0\include"  -G   --keep-dir Debug -maxrregcount=0  --machine 32 --compile -cudart static  -g   -DWIN32 -D_DEBUG -D_CONSOLE -D_MBCS -Xcompiler "/EHsc /W3 /nologo /Od /Zi /RTC1 /MDd  " -o Debug\kernel.cu.obj "D:\Documents\GitHub\Diplomski\libsndfile_test_vs\test_cufft\kernel.cu"
         
         D:\Documents\GitHub\Diplomski\libsndfile_test_vs\test_cufft>"C:\Program Files\NVIDIA GPU Computing Toolkit\CUDA\v7.0\bin\nvcc.exe" -gencode=arch=compute_20,code=\"sm_20,compute_20\" --use-local-env --cl-version 2013 -ccbin "C:\Program Files (x86)\Microsoft Visual Studio 12.0\VC\bin"  -IC:\AdditionalLibraries\include -I"C:\Program Files\NVIDIA GPU Computing Toolkit\CUDA\v7.0\include" -I"C:\Program Files\NVIDIA GPU Computing Toolkit\CUDA\v7.0\include"  -G   --keep-dir Debug -maxrregcount=0  --machine 32 --compile -cudart static  -g   -DWIN32 -D_DEBUG -D_CONSOLE -D_MBCS -Xcompiler "/EHsc /W3 /nologo /Od /Zi /RTC1 /MDd  " -o Debug\kernel.cu.obj "D:\Documents\GitHub\Diplomski\libsndfile_test_vs\test_cufft\kernel.cu" 
         kernel.cu
     1>D:/Documents/GitHub/Diplomski/libsndfile_test_vs/test_cufft/kernel.cu(28): warning C4244: 'initializing' : conversion from 'sf_count_t' to 'unsigned int', possible loss of data
     1>D:/Documents/GitHub/Diplomski/libsndfile_test_vs/test_cufft/kernel.cu(31): warning C4244: 'initializing' : conversion from 'sf_count_t' to 'long', possible loss of data
     1>D:/Documents/GitHub/Diplomski/libsndfile_test_vs/test_cufft/kernel.cu(65): warning C4244: 'argument' : conversion from 'sf_count_t' to 'size_t', possible loss of data
     1>D:/Documents/GitHub/Diplomski/libsndfile_test_vs/test_cufft/kernel.cu(79): warning C4244: 'initializing' : conversion from 'sf_count_t' to 'unsigned int', possible loss of data
     1>D:/Documents/GitHub/Diplomski/libsndfile_test_vs/test_cufft/kernel.cu(81): warning C4244: 'argument' : conversion from 'sf_count_t' to 'size_t', possible loss of data
       Link:
         C:\Program Files (x86)\Microsoft Visual Studio 12.0\VC\bin\link.exe /ERRORREPORT:PROMPT /OUT:"D:\Documents\GitHub\Diplomski\libsndfile_test_vs\test_OLA_CUDA\Debug\test_cufft.exe" /INCREMENTAL /NOLOGO /LIBPATH:"C:\Program Files\NVIDIA GPU Computing Toolkit\CUDA\v7.0\lib\Win32" /LIBPATH:"C:\Program Files\NVIDIA GPU Computing Toolkit\CUDA\v7.0\lib\Win32" /LIBPATH:C:\AdditionalLibraries\lib "libsndfile-1.lib" cufft.lib cufftw.lib cudart.lib kernel32.lib user32.lib gdi32.lib winspool.lib comdlg32.lib advapi32.lib shell32.lib ole32.lib oleaut32.lib uuid.lib odbc32.lib odbccp32.lib kernel32.lib user32.lib gdi32.lib winspool.lib comdlg32.lib advapi32.lib shell32.lib ole32.lib oleaut32.lib uuid.lib odbc32.lib odbccp32.lib /MANIFEST /MANIFESTUAC:"level='asInvoker' uiAccess='false'" /manifest:embed /DEBUG /PDB:"D:\Documents\GitHub\Diplomski\libsndfile_test_vs\test_OLA_CUDA\Debug\test_cufft.pdb" /SUBSYSTEM:CONSOLE /TLBID:1 /DYNAMICBASE /NXCOMPAT /IMPLIB:"D:\Documents\GitHub\Diplomski\libsndfile_test_vs\test_OLA_CUDA\Debug\test_cufft.lib" /MACHINE:X86 Debug\kernel.cu.obj
     1>kernel.cu.obj : error LNK2019: unresolved external symbol _cufftPlan1d@16 referenced in function _main
     1>kernel.cu.obj : error LNK2019: unresolved external symbol _cufftExecR2C@12 referenced in function _main
     1>kernel.cu.obj : error LNK2019: unresolved external symbol _cufftExecC2R@12 referenced in function _main
     1>D:\Documents\GitHub\Diplomski\libsndfile_test_vs\test_OLA_CUDA\Debug\test_cufft.exe : fatal error LNK1120: 3 unresolved externals
     1>Done Building Project "D:\Documents\GitHub\Diplomski\libsndfile_test_vs\test_cufft\test_cufft.vcxproj" (Rebuild target(s)) -- FAILED.

Build FAILED.

Time Elapsed 00:00:07.76
